<?xml version="1.0" encoding="UTF-8"?>
<testng-results ignored="0" total="27" passed="24" failed="3" skipped="0">
  <reporter-output>
  </reporter-output>
  <suite started-at="2024-06-23T23:02:14 IST" name="ORHRM Test Suite" finished-at="2024-06-23T23:03:18 IST" duration-ms="64382">
    <groups>
    </groups>
    <test started-at="2024-06-23T23:02:14 IST" name="Login Test" finished-at="2024-06-23T23:02:40 IST" duration-ms="25977">
      <class name="ORHRM.Tests.T_LoginTest">
        <test-method is-config="true" signature="start()[pri:0, instance:ORHRM.Tests.T_LoginTest@50dfbc58]" started-at="2024-06-23T23:02:14 IST" name="start" finished-at="2024-06-23T23:02:17 IST" duration-ms="3418" status="PASS">
          <reporter-output>
          </reporter-output>
        </test-method> <!-- start -->
        <test-method signature="T_LoginTest(java.lang.String,java.lang.String,java.lang.String)[pri:0, instance:ORHRM.Tests.T_LoginTest@50dfbc58]" started-at="2024-06-23T23:02:17 IST" name="T_LoginTest" data-provider="data" finished-at="2024-06-23T23:02:19 IST" duration-ms="1773" status="PASS">
          <params>
            <param index="0">
              <value>
                <![CDATA[abcd]]>
              </value>
            </param>
            <param index="1">
              <value>
                <![CDATA[abcd]]>
              </value>
            </param>
            <param index="2">
              <value>
                <![CDATA[Invalid credentials]]>
              </value>
            </param>
          </params>
          <reporter-output>
          </reporter-output>
        </test-method> <!-- T_LoginTest -->
        <test-method signature="T_LoginTest(java.lang.String,java.lang.String,java.lang.String)[pri:0, instance:ORHRM.Tests.T_LoginTest@50dfbc58]" started-at="2024-06-23T23:02:19 IST" name="T_LoginTest" data-provider="data" finished-at="2024-06-23T23:02:21 IST" duration-ms="1765" status="PASS">
          <params>
            <param index="0">
              <value>
                <![CDATA[ace19]]>
              </value>
            </param>
            <param index="1">
              <value>
                <![CDATA[abcd]]>
              </value>
            </param>
            <param index="2">
              <value>
                <![CDATA[Invalid credentials]]>
              </value>
            </param>
          </params>
          <reporter-output>
          </reporter-output>
        </test-method> <!-- T_LoginTest -->
        <test-method signature="T_LoginTest(java.lang.String,java.lang.String,java.lang.String)[pri:0, instance:ORHRM.Tests.T_LoginTest@50dfbc58]" started-at="2024-06-23T23:02:21 IST" name="T_LoginTest" data-provider="data" finished-at="2024-06-23T23:02:22 IST" duration-ms="1478" status="PASS">
          <params>
            <param index="0">
              <value>
                <![CDATA[abcd]]>
              </value>
            </param>
            <param index="1">
              <value>
                <![CDATA[ACE19@ORhrm]]>
              </value>
            </param>
            <param index="2">
              <value>
                <![CDATA[Invalid credentials]]>
              </value>
            </param>
          </params>
          <reporter-output>
          </reporter-output>
        </test-method> <!-- T_LoginTest -->
        <test-method signature="T_LoginTest(java.lang.String,java.lang.String,java.lang.String)[pri:0, instance:ORHRM.Tests.T_LoginTest@50dfbc58]" started-at="2024-06-23T23:02:22 IST" name="T_LoginTest" data-provider="data" finished-at="2024-06-23T23:02:38 IST" duration-ms="16319" status="PASS">
          <params>
            <param index="0">
              <value>
                <![CDATA[ace19]]>
              </value>
            </param>
            <param index="1">
              <value>
                <![CDATA[ACE19@ORhrm]]>
              </value>
            </param>
            <param index="2">
              <value>
                <![CDATA[No Msg]]>
              </value>
            </param>
          </params>
          <reporter-output>
          </reporter-output>
        </test-method> <!-- T_LoginTest -->
        <test-method signature="T_Sample()[pri:0, instance:ORHRM.Tests.T_LoginTest@50dfbc58]" started-at="2024-06-23T23:02:38 IST" name="T_Sample" finished-at="2024-06-23T23:02:38 IST" duration-ms="1" status="PASS">
          <reporter-output>
          </reporter-output>
        </test-method> <!-- T_Sample -->
        <test-method is-config="true" signature="close()[pri:0, instance:ORHRM.Tests.T_LoginTest@50dfbc58]" started-at="2024-06-23T23:02:38 IST" name="close" finished-at="2024-06-23T23:02:40 IST" duration-ms="1193" status="PASS">
          <reporter-output>
          </reporter-output>
        </test-method> <!-- close -->
      </class> <!-- ORHRM.Tests.T_LoginTest -->
    </test> <!-- Login Test -->
    <test started-at="2024-06-23T23:02:40 IST" name="Personal Details UI Test" finished-at="2024-06-23T23:02:53 IST" duration-ms="13014">
      <class name="ORHRM.Tests.T_PerDtlFeildsCheck">
        <test-method is-config="true" signature="start()[pri:0, instance:ORHRM.Tests.T_PerDtlFeildsCheck@56c4278e]" started-at="2024-06-23T23:02:40 IST" name="start" finished-at="2024-06-23T23:02:51 IST" duration-ms="10800" status="PASS">
          <reporter-output>
          </reporter-output>
        </test-method> <!-- start -->
        <test-method signature="T_perDtlFieldsCheck(java.lang.String)[pri:0, instance:ORHRM.Tests.T_PerDtlFeildsCheck@56c4278e]" started-at="2024-06-23T23:02:51 IST" name="T_perDtlFieldsCheck" data-provider="data" finished-at="2024-06-23T23:02:51 IST" duration-ms="398" status="PASS">
          <params>
            <param index="0">
              <value>
                <![CDATA[firstname]]>
              </value>
            </param>
          </params>
          <reporter-output>
          </reporter-output>
        </test-method> <!-- T_perDtlFieldsCheck -->
        <test-method signature="T_perDtlFieldsCheck(java.lang.String)[pri:0, instance:ORHRM.Tests.T_PerDtlFeildsCheck@56c4278e]" started-at="2024-06-23T23:02:51 IST" name="T_perDtlFieldsCheck" data-provider="data" finished-at="2024-06-23T23:02:51 IST" duration-ms="13" status="PASS">
          <params>
            <param index="0">
              <value>
                <![CDATA[middlename]]>
              </value>
            </param>
          </params>
          <reporter-output>
          </reporter-output>
        </test-method> <!-- T_perDtlFieldsCheck -->
        <test-method signature="T_perDtlFieldsCheck(java.lang.String)[pri:0, instance:ORHRM.Tests.T_PerDtlFeildsCheck@56c4278e]" started-at="2024-06-23T23:02:51 IST" name="T_perDtlFieldsCheck" data-provider="data" finished-at="2024-06-23T23:02:51 IST" duration-ms="10" status="PASS">
          <params>
            <param index="0">
              <value>
                <![CDATA[lastname]]>
              </value>
            </param>
          </params>
          <reporter-output>
          </reporter-output>
        </test-method> <!-- T_perDtlFieldsCheck -->
        <test-method signature="T_perDtlFieldsCheck(java.lang.String)[pri:0, instance:ORHRM.Tests.T_PerDtlFeildsCheck@56c4278e]" started-at="2024-06-23T23:02:51 IST" name="T_perDtlFieldsCheck" data-provider="data" finished-at="2024-06-23T23:02:51 IST" duration-ms="14" status="FAIL">
          <params>
            <param index="0">
              <value>
                <![CDATA[Employee Id]]>
              </value>
            </param>
          </params>
          <exception class="java.lang.AssertionError">
            <message>
              <![CDATA[expected [true] but found [false]]]>
            </message>
            <full-stacktrace>
              <![CDATA[java.lang.AssertionError: expected [true] but found [false]
at org.testng.Assert.fail(Assert.java:111)
at org.testng.Assert.failNotEquals(Assert.java:1578)
at org.testng.Assert.assertTrue(Assert.java:57)
at org.testng.Assert.assertTrue(Assert.java:67)
at ORHRM.Tests.T_PerDtlFeildsCheck.T_perDtlFieldsCheck(T_PerDtlFeildsCheck.java:52)
at java.base/jdk.internal.reflect.DirectMethodHandleAccessor.invoke(DirectMethodHandleAccessor.java:103)
at java.base/java.lang.reflect.Method.invoke(Method.java:580)
at org.testng.internal.invokers.MethodInvocationHelper.invokeMethod(MethodInvocationHelper.java:141)
at org.testng.internal.invokers.TestInvoker.invokeMethod(TestInvoker.java:686)
at org.testng.internal.invokers.TestInvoker.invokeTestMethod(TestInvoker.java:230)
at org.testng.internal.invokers.MethodRunner.runInSequence(MethodRunner.java:63)
at org.testng.internal.invokers.TestInvoker$MethodInvocationAgent.invoke(TestInvoker.java:992)
at org.testng.internal.invokers.TestInvoker.invokeTestMethods(TestInvoker.java:203)
at org.testng.internal.invokers.TestMethodWorker.invokeTestMethods(TestMethodWorker.java:154)
at org.testng.internal.invokers.TestMethodWorker.run(TestMethodWorker.java:134)
at java.base/java.util.ArrayList.forEach(ArrayList.java:1596)
at org.testng.TestRunner.privateRun(TestRunner.java:739)
at org.testng.TestRunner.run(TestRunner.java:614)
at org.testng.SuiteRunner.runTest(SuiteRunner.java:421)
at org.testng.SuiteRunner.runSequentially(SuiteRunner.java:413)
at org.testng.SuiteRunner.privateRun(SuiteRunner.java:373)
at org.testng.SuiteRunner.run(SuiteRunner.java:312)
at org.testng.SuiteRunnerWorker.runSuite(SuiteRunnerWorker.java:52)
at org.testng.SuiteRunnerWorker.run(SuiteRunnerWorker.java:95)
at org.testng.TestNG.runSuitesSequentially(TestNG.java:1274)
at org.testng.TestNG.runSuitesLocally(TestNG.java:1208)
at org.testng.TestNG.runSuites(TestNG.java:1112)
at org.testng.TestNG.run(TestNG.java:1079)
at com.intellij.rt.testng.IDEARemoteTestNG.run(IDEARemoteTestNG.java:66)
at com.intellij.rt.testng.RemoteTestNGStarter.main(RemoteTestNGStarter.java:105)
]]>
            </full-stacktrace>
          </exception> <!-- java.lang.AssertionError -->
          <reporter-output>
          </reporter-output>
        </test-method> <!-- T_perDtlFieldsCheck -->
        <test-method signature="T_perDtlFieldsCheck(java.lang.String)[pri:0, instance:ORHRM.Tests.T_PerDtlFeildsCheck@56c4278e]" started-at="2024-06-23T23:02:51 IST" name="T_perDtlFieldsCheck" data-provider="data" finished-at="2024-06-23T23:02:51 IST" duration-ms="12" status="PASS">
          <params>
            <param index="0">
              <value>
                <![CDATA[Other Id]]>
              </value>
            </param>
          </params>
          <reporter-output>
          </reporter-output>
        </test-method> <!-- T_perDtlFieldsCheck -->
        <test-method signature="T_perDtlFieldsCheck(java.lang.String)[pri:0, instance:ORHRM.Tests.T_PerDtlFeildsCheck@56c4278e]" started-at="2024-06-23T23:02:51 IST" name="T_perDtlFieldsCheck" data-provider="data" finished-at="2024-06-23T23:02:51 IST" duration-ms="20" status="FAIL">
          <params>
            <param index="0">
              <value>
                <![CDATA[License Number]]>
              </value>
            </param>
          </params>
          <exception class="java.lang.AssertionError">
            <message>
              <![CDATA[expected [true] but found [false]]]>
            </message>
            <full-stacktrace>
              <![CDATA[java.lang.AssertionError: expected [true] but found [false]
at org.testng.Assert.fail(Assert.java:111)
at org.testng.Assert.failNotEquals(Assert.java:1578)
at org.testng.Assert.assertTrue(Assert.java:57)
at org.testng.Assert.assertTrue(Assert.java:67)
at ORHRM.Tests.T_PerDtlFeildsCheck.T_perDtlFieldsCheck(T_PerDtlFeildsCheck.java:60)
at java.base/jdk.internal.reflect.DirectMethodHandleAccessor.invoke(DirectMethodHandleAccessor.java:103)
at java.base/java.lang.reflect.Method.invoke(Method.java:580)
at org.testng.internal.invokers.MethodInvocationHelper.invokeMethod(MethodInvocationHelper.java:141)
at org.testng.internal.invokers.TestInvoker.invokeMethod(TestInvoker.java:686)
at org.testng.internal.invokers.TestInvoker.invokeTestMethod(TestInvoker.java:230)
at org.testng.internal.invokers.MethodRunner.runInSequence(MethodRunner.java:63)
at org.testng.internal.invokers.TestInvoker$MethodInvocationAgent.invoke(TestInvoker.java:992)
at org.testng.internal.invokers.TestInvoker.invokeTestMethods(TestInvoker.java:203)
at org.testng.internal.invokers.TestMethodWorker.invokeTestMethods(TestMethodWorker.java:154)
at org.testng.internal.invokers.TestMethodWorker.run(TestMethodWorker.java:134)
at java.base/java.util.ArrayList.forEach(ArrayList.java:1596)
at org.testng.TestRunner.privateRun(TestRunner.java:739)
at org.testng.TestRunner.run(TestRunner.java:614)
at org.testng.SuiteRunner.runTest(SuiteRunner.java:421)
at org.testng.SuiteRunner.runSequentially(SuiteRunner.java:413)
at org.testng.SuiteRunner.privateRun(SuiteRunner.java:373)
at org.testng.SuiteRunner.run(SuiteRunner.java:312)
at org.testng.SuiteRunnerWorker.runSuite(SuiteRunnerWorker.java:52)
at org.testng.SuiteRunnerWorker.run(SuiteRunnerWorker.java:95)
at org.testng.TestNG.runSuitesSequentially(TestNG.java:1274)
at org.testng.TestNG.runSuitesLocally(TestNG.java:1208)
at org.testng.TestNG.runSuites(TestNG.java:1112)
at org.testng.TestNG.run(TestNG.java:1079)
at com.intellij.rt.testng.IDEARemoteTestNG.run(IDEARemoteTestNG.java:66)
at com.intellij.rt.testng.RemoteTestNGStarter.main(RemoteTestNGStarter.java:105)
]]>
            </full-stacktrace>
          </exception> <!-- java.lang.AssertionError -->
          <reporter-output>
          </reporter-output>
        </test-method> <!-- T_perDtlFieldsCheck -->
        <test-method signature="T_perDtlFieldsCheck(java.lang.String)[pri:0, instance:ORHRM.Tests.T_PerDtlFeildsCheck@56c4278e]" started-at="2024-06-23T23:02:51 IST" name="T_perDtlFieldsCheck" data-provider="data" finished-at="2024-06-23T23:02:51 IST" duration-ms="11" status="PASS">
          <params>
            <param index="0">
              <value>
                <![CDATA[License Expiry Date]]>
              </value>
            </param>
          </params>
          <reporter-output>
          </reporter-output>
        </test-method> <!-- T_perDtlFieldsCheck -->
        <test-method signature="T_perDtlFieldsCheck(java.lang.String)[pri:0, instance:ORHRM.Tests.T_PerDtlFeildsCheck@56c4278e]" started-at="2024-06-23T23:02:51 IST" name="T_perDtlFieldsCheck" data-provider="data" finished-at="2024-06-23T23:02:51 IST" duration-ms="13" status="FAIL">
          <params>
            <param index="0">
              <value>
                <![CDATA[Date of Birth]]>
              </value>
            </param>
          </params>
          <exception class="java.lang.AssertionError">
            <message>
              <![CDATA[expected [true] but found [false]]]>
            </message>
            <full-stacktrace>
              <![CDATA[java.lang.AssertionError: expected [true] but found [false]
at org.testng.Assert.fail(Assert.java:111)
at org.testng.Assert.failNotEquals(Assert.java:1578)
at org.testng.Assert.assertTrue(Assert.java:57)
at org.testng.Assert.assertTrue(Assert.java:67)
at ORHRM.Tests.T_PerDtlFeildsCheck.T_perDtlFieldsCheck(T_PerDtlFeildsCheck.java:68)
at java.base/jdk.internal.reflect.DirectMethodHandleAccessor.invoke(DirectMethodHandleAccessor.java:103)
at java.base/java.lang.reflect.Method.invoke(Method.java:580)
at org.testng.internal.invokers.MethodInvocationHelper.invokeMethod(MethodInvocationHelper.java:141)
at org.testng.internal.invokers.TestInvoker.invokeMethod(TestInvoker.java:686)
at org.testng.internal.invokers.TestInvoker.invokeTestMethod(TestInvoker.java:230)
at org.testng.internal.invokers.MethodRunner.runInSequence(MethodRunner.java:63)
at org.testng.internal.invokers.TestInvoker$MethodInvocationAgent.invoke(TestInvoker.java:992)
at org.testng.internal.invokers.TestInvoker.invokeTestMethods(TestInvoker.java:203)
at org.testng.internal.invokers.TestMethodWorker.invokeTestMethods(TestMethodWorker.java:154)
at org.testng.internal.invokers.TestMethodWorker.run(TestMethodWorker.java:134)
at java.base/java.util.ArrayList.forEach(ArrayList.java:1596)
at org.testng.TestRunner.privateRun(TestRunner.java:739)
at org.testng.TestRunner.run(TestRunner.java:614)
at org.testng.SuiteRunner.runTest(SuiteRunner.java:421)
at org.testng.SuiteRunner.runSequentially(SuiteRunner.java:413)
at org.testng.SuiteRunner.privateRun(SuiteRunner.java:373)
at org.testng.SuiteRunner.run(SuiteRunner.java:312)
at org.testng.SuiteRunnerWorker.runSuite(SuiteRunnerWorker.java:52)
at org.testng.SuiteRunnerWorker.run(SuiteRunnerWorker.java:95)
at org.testng.TestNG.runSuitesSequentially(TestNG.java:1274)
at org.testng.TestNG.runSuitesLocally(TestNG.java:1208)
at org.testng.TestNG.runSuites(TestNG.java:1112)
at org.testng.TestNG.run(TestNG.java:1079)
at com.intellij.rt.testng.IDEARemoteTestNG.run(IDEARemoteTestNG.java:66)
at com.intellij.rt.testng.RemoteTestNGStarter.main(RemoteTestNGStarter.java:105)
]]>
            </full-stacktrace>
          </exception> <!-- java.lang.AssertionError -->
          <reporter-output>
          </reporter-output>
        </test-method> <!-- T_perDtlFieldsCheck -->
        <test-method signature="T_perDtlFieldsCheck(java.lang.String)[pri:0, instance:ORHRM.Tests.T_PerDtlFeildsCheck@56c4278e]" started-at="2024-06-23T23:02:51 IST" name="T_perDtlFieldsCheck" data-provider="data" finished-at="2024-06-23T23:02:51 IST" duration-ms="0" status="PASS">
          <params>
            <param index="0">
              <value>
                <![CDATA[Nationality]]>
              </value>
            </param>
          </params>
          <reporter-output>
          </reporter-output>
        </test-method> <!-- T_perDtlFieldsCheck -->
        <test-method signature="T_perDtlFieldsCheck(java.lang.String)[pri:0, instance:ORHRM.Tests.T_PerDtlFeildsCheck@56c4278e]" started-at="2024-06-23T23:02:51 IST" name="T_perDtlFieldsCheck" data-provider="data" finished-at="2024-06-23T23:02:51 IST" duration-ms="15" status="PASS">
          <params>
            <param index="0">
              <value>
                <![CDATA[Marital Status]]>
              </value>
            </param>
          </params>
          <reporter-output>
          </reporter-output>
        </test-method> <!-- T_perDtlFieldsCheck -->
        <test-method signature="T_perDtlFieldsCheck(java.lang.String)[pri:0, instance:ORHRM.Tests.T_PerDtlFeildsCheck@56c4278e]" started-at="2024-06-23T23:02:51 IST" name="T_perDtlFieldsCheck" data-provider="data" finished-at="2024-06-23T23:02:52 IST" duration-ms="532" status="PASS">
          <params>
            <param index="0">
              <value>
                <![CDATA[Blood Type]]>
              </value>
            </param>
          </params>
          <reporter-output>
          </reporter-output>
        </test-method> <!-- T_perDtlFieldsCheck -->
        <test-method is-config="true" signature="close()[pri:0, instance:ORHRM.Tests.T_PerDtlFeildsCheck@56c4278e]" started-at="2024-06-23T23:02:52 IST" name="close" finished-at="2024-06-23T23:02:53 IST" duration-ms="1163" status="PASS">
          <reporter-output>
          </reporter-output>
        </test-method> <!-- close -->
      </class> <!-- ORHRM.Tests.T_PerDtlFeildsCheck -->
    </test> <!-- Personal Details UI Test -->
    <test started-at="2024-06-23T23:02:53 IST" name="Contact Details UI Test" finished-at="2024-06-23T23:03:05 IST" duration-ms="12030">
      <class name="ORHRM.Tests.T_ContactDtlsFields">
        <test-method is-config="true" signature="start()[pri:0, instance:ORHRM.Tests.T_ContactDtlsFields@4397ad89]" started-at="2024-06-23T23:02:53 IST" name="start" finished-at="2024-06-23T23:03:03 IST" duration-ms="10022" status="PASS">
          <reporter-output>
          </reporter-output>
        </test-method> <!-- start -->
        <test-method signature="T_ContactDtlsFields(java.lang.String)[pri:0, instance:ORHRM.Tests.T_ContactDtlsFields@4397ad89]" started-at="2024-06-23T23:03:03 IST" name="T_ContactDtlsFields" data-provider="data" finished-at="2024-06-23T23:03:03 IST" duration-ms="403" status="PASS">
          <params>
            <param index="0">
              <value>
                <![CDATA[Street 1]]>
              </value>
            </param>
          </params>
          <reporter-output>
          </reporter-output>
        </test-method> <!-- T_ContactDtlsFields -->
        <test-method signature="T_ContactDtlsFields(java.lang.String)[pri:0, instance:ORHRM.Tests.T_ContactDtlsFields@4397ad89]" started-at="2024-06-23T23:03:03 IST" name="T_ContactDtlsFields" data-provider="data" finished-at="2024-06-23T23:03:03 IST" duration-ms="13" status="PASS">
          <params>
            <param index="0">
              <value>
                <![CDATA[Street 2]]>
              </value>
            </param>
          </params>
          <reporter-output>
          </reporter-output>
        </test-method> <!-- T_ContactDtlsFields -->
        <test-method signature="T_ContactDtlsFields(java.lang.String)[pri:0, instance:ORHRM.Tests.T_ContactDtlsFields@4397ad89]" started-at="2024-06-23T23:03:03 IST" name="T_ContactDtlsFields" data-provider="data" finished-at="2024-06-23T23:03:03 IST" duration-ms="10" status="PASS">
          <params>
            <param index="0">
              <value>
                <![CDATA[City]]>
              </value>
            </param>
          </params>
          <reporter-output>
          </reporter-output>
        </test-method> <!-- T_ContactDtlsFields -->
        <test-method signature="T_ContactDtlsFields(java.lang.String)[pri:0, instance:ORHRM.Tests.T_ContactDtlsFields@4397ad89]" started-at="2024-06-23T23:03:03 IST" name="T_ContactDtlsFields" data-provider="data" finished-at="2024-06-23T23:03:03 IST" duration-ms="9" status="PASS">
          <params>
            <param index="0">
              <value>
                <![CDATA[State]]>
              </value>
            </param>
          </params>
          <reporter-output>
          </reporter-output>
        </test-method> <!-- T_ContactDtlsFields -->
        <test-method signature="T_ContactDtlsFields(java.lang.String)[pri:0, instance:ORHRM.Tests.T_ContactDtlsFields@4397ad89]" started-at="2024-06-23T23:03:03 IST" name="T_ContactDtlsFields" data-provider="data" finished-at="2024-06-23T23:03:03 IST" duration-ms="10" status="PASS">
          <params>
            <param index="0">
              <value>
                <![CDATA[Zip]]>
              </value>
            </param>
          </params>
          <reporter-output>
          </reporter-output>
        </test-method> <!-- T_ContactDtlsFields -->
        <test-method signature="T_ContactDtlsFields(java.lang.String)[pri:0, instance:ORHRM.Tests.T_ContactDtlsFields@4397ad89]" started-at="2024-06-23T23:03:03 IST" name="T_ContactDtlsFields" data-provider="data" finished-at="2024-06-23T23:03:03 IST" duration-ms="10" status="PASS">
          <params>
            <param index="0">
              <value>
                <![CDATA[Country]]>
              </value>
            </param>
          </params>
          <reporter-output>
          </reporter-output>
        </test-method> <!-- T_ContactDtlsFields -->
        <test-method signature="T_ContactDtlsFields(java.lang.String)[pri:0, instance:ORHRM.Tests.T_ContactDtlsFields@4397ad89]" started-at="2024-06-23T23:03:03 IST" name="T_ContactDtlsFields" data-provider="data" finished-at="2024-06-23T23:03:03 IST" duration-ms="16" status="PASS">
          <params>
            <param index="0">
              <value>
                <![CDATA[Home]]>
              </value>
            </param>
          </params>
          <reporter-output>
          </reporter-output>
        </test-method> <!-- T_ContactDtlsFields -->
        <test-method signature="T_ContactDtlsFields(java.lang.String)[pri:0, instance:ORHRM.Tests.T_ContactDtlsFields@4397ad89]" started-at="2024-06-23T23:03:03 IST" name="T_ContactDtlsFields" data-provider="data" finished-at="2024-06-23T23:03:03 IST" duration-ms="9" status="PASS">
          <params>
            <param index="0">
              <value>
                <![CDATA[Mobile]]>
              </value>
            </param>
          </params>
          <reporter-output>
          </reporter-output>
        </test-method> <!-- T_ContactDtlsFields -->
        <test-method signature="T_ContactDtlsFields(java.lang.String)[pri:0, instance:ORHRM.Tests.T_ContactDtlsFields@4397ad89]" started-at="2024-06-23T23:03:03 IST" name="T_ContactDtlsFields" data-provider="data" finished-at="2024-06-23T23:03:03 IST" duration-ms="12" status="PASS">
          <params>
            <param index="0">
              <value>
                <![CDATA[Work Email]]>
              </value>
            </param>
          </params>
          <reporter-output>
          </reporter-output>
        </test-method> <!-- T_ContactDtlsFields -->
        <test-method signature="T_ContactDtlsFields(java.lang.String)[pri:0, instance:ORHRM.Tests.T_ContactDtlsFields@4397ad89]" started-at="2024-06-23T23:03:03 IST" name="T_ContactDtlsFields" data-provider="data" finished-at="2024-06-23T23:03:03 IST" duration-ms="10" status="PASS">
          <params>
            <param index="0">
              <value>
                <![CDATA[Other Email]]>
              </value>
            </param>
          </params>
          <reporter-output>
          </reporter-output>
        </test-method> <!-- T_ContactDtlsFields -->
        <test-method is-config="true" signature="close()[pri:0, instance:ORHRM.Tests.T_ContactDtlsFields@4397ad89]" started-at="2024-06-23T23:03:03 IST" name="close" finished-at="2024-06-23T23:03:05 IST" duration-ms="1502" status="PASS">
          <reporter-output>
          </reporter-output>
        </test-method> <!-- close -->
      </class> <!-- ORHRM.Tests.T_ContactDtlsFields -->
    </test> <!-- Contact Details UI Test -->
    <test started-at="2024-06-23T23:03:05 IST" name="Add Emergency Contact" finished-at="2024-06-23T23:03:18 IST" duration-ms="13152">
      <class name="ORHRM.Tests.T_EmergencyContactTest">
        <test-method is-config="true" signature="init()[pri:0, instance:ORHRM.Tests.T_EmergencyContactTest@768fc0f2]" started-at="2024-06-23T23:02:10 IST" name="init" finished-at="2024-06-23T23:02:14 IST" duration-ms="3099" status="PASS">
          <reporter-output>
          </reporter-output>
        </test-method> <!-- init -->
        <test-method is-config="true" signature="start()[pri:0, instance:ORHRM.Tests.T_EmergencyContactTest@768fc0f2]" started-at="2024-06-23T23:03:05 IST" name="start" finished-at="2024-06-23T23:03:07 IST" duration-ms="2453" status="PASS">
          <reporter-output>
          </reporter-output>
        </test-method> <!-- start -->
        <test-method signature="T_EmergencyContactTest(java.util.Hashtable)[pri:0, instance:ORHRM.Tests.T_EmergencyContactTest@768fc0f2]" started-at="2024-06-23T23:03:07 IST" name="T_EmergencyContactTest" data-provider="EmergencyContacts" finished-at="2024-06-23T23:03:17 IST" duration-ms="9551" status="PASS">
          <params>
            <param index="0">
              <value>
                <![CDATA[{Name=Bob, Mobile=1234567890, Home Telephone=1234567, Work Telephone=0987654321, Relationship=Relative}]]>
              </value>
            </param>
          </params>
          <reporter-output>
          </reporter-output>
        </test-method> <!-- T_EmergencyContactTest -->
        <test-method is-config="true" signature="close()[pri:0, instance:ORHRM.Tests.T_EmergencyContactTest@768fc0f2]" started-at="2024-06-23T23:03:17 IST" name="close" finished-at="2024-06-23T23:03:18 IST" duration-ms="1141" status="PASS">
          <reporter-output>
          </reporter-output>
        </test-method> <!-- close -->
        <test-method is-config="true" signature="closeBrowser()[pri:0, instance:ORHRM.Tests.T_EmergencyContactTest@768fc0f2]" started-at="2024-06-23T23:03:18 IST" name="closeBrowser" finished-at="2024-06-23T23:03:18 IST" duration-ms="449" status="PASS">
          <reporter-output>
          </reporter-output>
        </test-method> <!-- closeBrowser -->
      </class> <!-- ORHRM.Tests.T_EmergencyContactTest -->
    </test> <!-- Add Emergency Contact -->
  </suite> <!-- ORHRM Test Suite -->
</testng-results>
